2014/11/24 19:28:32 Starting cygwin install, version 2.852
2014/11/24 19:28:32 User has backup/restore rights
2014/11/24 19:28:33 io_stream_cygfile: fopen(/etc/setup/setup.rc) failed 2 No such file or directory
2014/11/24 19:28:33 Current Directory: C:\vbde\cygwin
2014/11/24 19:28:33 Could not open service McShield for query, start and stop. McAfee may not be installed, or we don't have access.
2014/11/24 19:28:43 source: network install
2014/11/24 19:29:13 root: C:\vbde\cygwin system
2014/11/24 19:29:15 Selected local directory: C:\vbde\cygwin
2014/11/24 19:29:17 net: Direct
2014/11/24 19:29:48 site: http://mirrors-uk.go-parts.com/cygwin/
2014/11/24 19:29:49 io_stream_cygfile: fopen(/etc/setup/installed.db) failed 2 No such file or directory
2014/11/24 19:29:50 io_stream_cygfile: fopen(/etc/setup/timestamp) failed 2 No such file or directory
2014/11/24 19:30:41 Adding required dependency binutils: Selecting version 2.24.51-6 for installation.
2014/11/24 19:30:41 Adding required dependency bzip2: Selecting version 1.0.6-2 for installation.
2014/11/24 19:30:41 Adding required dependency ca-certificates: Selecting version 2.1-1 for installation.
2014/11/24 19:30:41 Adding required dependency crypt: Selecting version 1.2-1 for installation.
2014/11/24 19:30:41 Adding required dependency csih: Selecting version 0.9.7-1 for installation.
2014/11/24 19:30:41 Adding required dependency cygrunsrv: Selecting version 1.61-1 for installation.
2014/11/24 19:30:41 Adding required dependency diffutils: Selecting version 3.3-2 for installation.
2014/11/24 19:30:41 Adding required dependency groff: Selecting version 1.22.2-2 for installation.
2014/11/24 19:30:41 Adding required dependency less: Selecting version 444-1 for installation.
2014/11/24 19:30:41 Adding required dependency libargp: Selecting version 20110921-2 for installation.
2014/11/24 19:30:41 Adding required dependency libattr1: Selecting version 2.4.46-1 for installation.
2014/11/24 19:30:41 Adding required dependency libblkid1: Selecting version 2.25.1-1 for installation.
2014/11/24 19:30:41 Adding required dependency libbz2_1: Selecting version 1.0.6-2 for installation.
2014/11/24 19:30:41 Adding required dependency libcharset1: Selecting version 1.14-2 for installation.
2014/11/24 19:30:41 Adding required dependency libcom_err2: Selecting version 1.42.10-1 for installation.
2014/11/24 19:30:41 Adding required dependency libcurl4: Selecting version 7.39.0-1 for installation.
2014/11/24 19:30:41 Adding required dependency libdb4.8: Selecting version 4.8.30-1 for installation.
2014/11/24 19:30:41 Adding required dependency libedit0: Selecting version 20130712-1 for installation.
2014/11/24 19:30:41 Adding required dependency libexpat1: Selecting version 2.1.0-3 for installation.
2014/11/24 19:30:41 Adding required dependency libffi6: Selecting version 3.0.13-1 for installation.
2014/11/24 19:30:41 Adding required dependency libgcc1: Selecting version 4.8.3-4 for installation.
2014/11/24 19:30:41 Adding required dependency libgdbm4: Selecting version 1.8.3-20 for installation.
2014/11/24 19:30:41 Adding required dependency libgmp10: Selecting version 6.0.0a-1 for installation.
2014/11/24 19:30:41 Adding required dependency libgssapi_krb5_2: Selecting version 1.12.2-1 for installation.
2014/11/24 19:30:41 Adding required dependency libiconv: Selecting version 1.14-2 for installation.
2014/11/24 19:30:41 Adding required dependency libiconv2: Selecting version 1.14-2 for installation.
2014/11/24 19:30:41 Adding required dependency libidn11: Selecting version 1.26-1 for installation.
2014/11/24 19:30:41 Adding required dependency libintl-devel: Selecting version 0.18.3.2-2 for installation.
2014/11/24 19:30:41 Adding required dependency libintl8: Selecting version 0.18.3.2-2 for installation.
2014/11/24 19:30:41 Adding required dependency libk5crypto3: Selecting version 1.12.2-1 for installation.
2014/11/24 19:30:41 Adding required dependency libkrb5support0: Selecting version 1.12.2-1 for installation.
2014/11/24 19:30:41 Adding required dependency libkrb5_3: Selecting version 1.12.2-1 for installation.
2014/11/24 19:30:41 Adding required dependency liblzma5: Selecting version 5.0.5-1 for installation.
2014/11/24 19:30:41 Adding required dependency libmpfr4: Selecting version 3.1.2-1 for installation.
2014/11/24 19:30:41 Adding required dependency libncurses10: Selecting version 5.9-20140524-1 for installation.
2014/11/24 19:30:41 Adding required dependency libncursesw10: Selecting version 5.9-20140524-1 for installation.
2014/11/24 19:30:41 Adding required dependency libopenldap2_4_2: Selecting version 2.4.40-1 for installation.
2014/11/24 19:30:41 Adding required dependency libopenssl100: Selecting version 1.0.1j-1 for installation.
2014/11/24 19:30:41 Adding required dependency libp11-kit0: Selecting version 0.20.7-1 for installation.
2014/11/24 19:30:41 Adding required dependency libpcre1: Selecting version 8.35-1 for installation.
2014/11/24 19:30:41 Adding required dependency libpipeline1: Selecting version 1.3.0-3 for installation.
2014/11/24 19:30:41 Adding required dependency libpopt0: Selecting version 1.16-1 for installation.
2014/11/24 19:30:41 Adding required dependency libsasl2_3: Selecting version 2.1.26-8 for installation.
2014/11/24 19:30:41 Adding required dependency libsigsegv2: Selecting version 2.10-1 for installation.
2014/11/24 19:30:41 Adding required dependency libsmartcols1: Selecting version 2.25.1-1 for installation.
2014/11/24 19:30:41 Adding required dependency libsqlite3_0: Selecting version 3.8.7.2-1 for installation.
2014/11/24 19:30:41 Adding required dependency libssh2_1: Selecting version 1.4.3-1 for installation.
2014/11/24 19:30:41 Adding required dependency libssp0: Selecting version 4.8.3-4 for installation.
2014/11/24 19:30:41 Adding required dependency libstdc++6: Selecting version 4.8.3-4 for installation.
2014/11/24 19:30:41 Adding required dependency libtasn1_6: Selecting version 4.2-1 for installation.
2014/11/24 19:30:41 Adding required dependency libuuid-devel: Selecting version 2.25.1-1 for installation.
2014/11/24 19:30:41 Adding required dependency libuuid1: Selecting version 2.25.1-1 for installation.
2014/11/24 19:30:41 Adding required dependency libxml2: Selecting version 2.9.2-1 for installation.
2014/11/24 19:30:41 Adding required dependency lynx: Selecting version 2.8.7-1 for installation.
2014/11/24 19:30:41 Adding required dependency openssh: Selecting version 6.7p1-1 for installation.
2014/11/24 19:30:41 Adding required dependency p11-kit: Selecting version 0.20.7-1 for installation.
2014/11/24 19:30:41 Adding required dependency p11-kit-trust: Selecting version 0.20.7-1 for installation.
2014/11/24 19:30:41 Adding required dependency perl: Selecting version 5.14.2-3 for installation.
2014/11/24 19:30:41 Adding required dependency perl-Error: Selecting version 0.17016-1 for installation.
2014/11/24 19:30:41 Adding required dependency perl_vendor: Selecting version 5.14.2-3 for installation.
2014/11/24 19:30:41 Adding required dependency popt: Selecting version 1.16-1 for installation.
2014/11/24 19:30:41 Adding required dependency python: Selecting version 2.7.8-1 for installation.
2014/11/24 19:30:41 Adding required dependency rsync: Selecting version 3.0.9-1 for installation.
2014/11/24 19:30:41 Adding required dependency xz: Selecting version 5.0.5-1 for installation.
2014/11/24 19:30:41 Adding required dependency zlib-devel: Selecting version 1.2.8-3 for installation.
2014/11/24 19:30:41 Adding required dependency zlib0: Selecting version 1.2.8-3 for installation.
2014/11/24 19:30:41 Adding required dependency _autorebase: Selecting version 000707-1 for installation.
2014/11/24 19:30:41 Adding required dependency _update-info-dir: Selecting version 01313-1 for installation.
2014/11/24 19:30:41 Downloaded C:\vbde\cygwin/http%3a%2f%2fmirrors-uk.go-parts.com%2fcygwin%2f/x86/release/_autorebase/_autorebase-000707-1.tar.bz2
2014/11/24 19:30:41 Downloaded C:\vbde\cygwin/http%3a%2f%2fmirrors-uk.go-parts.com%2fcygwin%2f/x86/release/_update-info-dir/_update-info-dir-01313-1.tar.bz2
2014/11/24 19:30:42 Downloaded C:\vbde\cygwin/http%3a%2f%2fmirrors-uk.go-parts.com%2fcygwin%2f/x86/release/alternatives/alternatives-1.3.30c-10.tar.bz2
2014/11/24 19:33:01 Ending cygwin install
2014/11/24 19:33:07 Starting cygwin install, version 2.852
2014/11/24 19:33:07 User has backup/restore rights
2014/11/24 19:33:07 io_stream_cygfile: fopen(/etc/setup/setup.rc) failed 2 No such file or directory
2014/11/24 19:33:07 Current Directory: C:\vbde\cygwin
2014/11/24 19:33:07 Could not open service McShield for query, start and stop. McAfee may not be installed, or we don't have access.
2014/11/24 19:33:10 source: network install
2014/11/24 19:33:23 root: C:\vbde\cygwin system
2014/11/24 19:33:24 Selected local directory: C:\vbde\cygwin
2014/11/24 19:33:25 net: Direct
2014/11/24 19:33:29 site: http://mirrors.163.com/cygwin/
2014/11/24 19:33:47 Ending cygwin install
2014/11/24 19:33:51 Starting cygwin install, version 2.852
2014/11/24 19:33:51 User has backup/restore rights
2014/11/24 19:33:51 io_stream_cygfile: fopen(/etc/setup/setup.rc) failed 2 No such file or directory
2014/11/24 19:33:51 Current Directory: C:\vbde\cygwin
2014/11/24 19:33:51 Could not open service McShield for query, start and stop. McAfee may not be installed, or we don't have access.
2014/11/24 19:33:56 source: network install
2014/11/24 19:34:06 root: C:\vbde\cygwin system
2014/11/24 19:34:07 Selected local directory: C:\vbde\cygwin
2014/11/24 19:34:11 net: Direct
2014/11/24 19:34:17 site: http://piotrkosoft.net/pub/mirrors/cygwin/
2014/11/24 19:34:20 io_stream_cygfile: fopen(/etc/setup/installed.db) failed 2 No such file or directory
2014/11/24 19:34:39 Adding required dependency binutils: Selecting version 2.24.51-6 for installation.
2014/11/24 19:34:39 Adding required dependency bzip2: Selecting version 1.0.6-2 for installation.
2014/11/24 19:34:39 Adding required dependency ca-certificates: Selecting version 2.1-1 for installation.
2014/11/24 19:34:39 Adding required dependency crypt: Selecting version 1.2-1 for installation.
2014/11/24 19:34:39 Adding required dependency csih: Selecting version 0.9.7-1 for installation.
2014/11/24 19:34:39 Adding required dependency cygrunsrv: Selecting version 1.61-1 for installation.
2014/11/24 19:34:39 Adding required dependency diffutils: Selecting version 3.3-2 for installation.
2014/11/24 19:34:39 Adding required dependency groff: Selecting version 1.22.2-2 for installation.
2014/11/24 19:34:39 Adding required dependency less: Selecting version 444-1 for installation.
2014/11/24 19:34:39 Adding required dependency libargp: Selecting version 20110921-2 for installation.
2014/11/24 19:34:39 Adding required dependency libattr1: Selecting version 2.4.46-1 for installation.
2014/11/24 19:34:39 Adding required dependency libblkid1: Selecting version 2.25.1-1 for installation.
2014/11/24 19:34:39 Adding required dependency libbz2_1: Selecting version 1.0.6-2 for installation.
2014/11/24 19:34:39 Adding required dependency libcharset1: Selecting version 1.14-2 for installation.
2014/11/24 19:34:39 Adding required dependency libcom_err2: Selecting version 1.42.10-1 for installation.
2014/11/24 19:34:39 Adding required dependency libcurl4: Selecting version 7.39.0-1 for installation.
2014/11/24 19:34:39 Adding required dependency libdb4.8: Selecting version 4.8.30-1 for installation.
2014/11/24 19:34:39 Adding required dependency libedit0: Selecting version 20130712-1 for installation.
2014/11/24 19:34:39 Adding required dependency libexpat1: Selecting version 2.1.0-3 for installation.
2014/11/24 19:34:39 Adding required dependency libffi6: Selecting version 3.0.13-1 for installation.
2014/11/24 19:34:39 Adding required dependency libgcc1: Selecting version 4.8.3-4 for installation.
2014/11/24 19:34:39 Adding required dependency libgdbm4: Selecting version 1.8.3-20 for installation.
2014/11/24 19:34:39 Adding required dependency libgmp10: Selecting version 6.0.0a-1 for installation.
2014/11/24 19:34:39 Adding required dependency libgssapi_krb5_2: Selecting version 1.12.2-1 for installation.
2014/11/24 19:34:39 Adding required dependency libiconv: Selecting version 1.14-2 for installation.
2014/11/24 19:34:39 Adding required dependency libiconv2: Selecting version 1.14-2 for installation.
2014/11/24 19:34:39 Adding required dependency libidn11: Selecting version 1.26-1 for installation.
2014/11/24 19:34:39 Adding required dependency libintl-devel: Selecting version 0.18.3.2-2 for installation.
2014/11/24 19:34:39 Adding required dependency libintl8: Selecting version 0.18.3.2-2 for installation.
2014/11/24 19:34:39 Adding required dependency libk5crypto3: Selecting version 1.12.2-1 for installation.
2014/11/24 19:34:39 Adding required dependency libkrb5support0: Selecting version 1.12.2-1 for installation.
2014/11/24 19:34:39 Adding required dependency libkrb5_3: Selecting version 1.12.2-1 for installation.
2014/11/24 19:34:39 Adding required dependency liblzma5: Selecting version 5.0.5-1 for installation.
2014/11/24 19:34:39 Adding required dependency libmpfr4: Selecting version 3.1.2-1 for installation.
2014/11/24 19:34:39 Adding required dependency libncurses10: Selecting version 5.9-20140524-1 for installation.
2014/11/24 19:34:39 Adding required dependency libncursesw10: Selecting version 5.9-20140524-1 for installation.
2014/11/24 19:34:39 Adding required dependency libopenldap2_4_2: Selecting version 2.4.40-1 for installation.
2014/11/24 19:34:39 Adding required dependency libopenssl100: Selecting version 1.0.1j-1 for installation.
2014/11/24 19:34:39 Adding required dependency libp11-kit0: Selecting version 0.20.7-1 for installation.
2014/11/24 19:34:39 Adding required dependency libpcre1: Selecting version 8.35-1 for installation.
2014/11/24 19:34:39 Adding required dependency libpipeline1: Selecting version 1.3.0-3 for installation.
2014/11/24 19:34:39 Adding required dependency libpopt0: Selecting version 1.16-1 for installation.
2014/11/24 19:34:39 Adding required dependency libsasl2_3: Selecting version 2.1.26-8 for installation.
2014/11/24 19:34:39 Adding required dependency libsigsegv2: Selecting version 2.10-1 for installation.
2014/11/24 19:34:39 Adding required dependency libsmartcols1: Selecting version 2.25.1-1 for installation.
2014/11/24 19:34:39 Adding required dependency libsqlite3_0: Selecting version 3.8.7.2-1 for installation.
2014/11/24 19:34:39 Adding required dependency libssh2_1: Selecting version 1.4.3-1 for installation.
2014/11/24 19:34:39 Adding required dependency libssp0: Selecting version 4.8.3-4 for installation.
2014/11/24 19:34:39 Adding required dependency libstdc++6: Selecting version 4.8.3-4 for installation.
2014/11/24 19:34:39 Adding required dependency libtasn1_6: Selecting version 4.2-1 for installation.
2014/11/24 19:34:39 Adding required dependency libuuid-devel: Selecting version 2.25.1-1 for installation.
2014/11/24 19:34:39 Adding required dependency libuuid1: Selecting version 2.25.1-1 for installation.
2014/11/24 19:34:39 Adding required dependency libxml2: Selecting version 2.9.2-1 for installation.
2014/11/24 19:34:39 Adding required dependency lynx: Selecting version 2.8.7-1 for installation.
2014/11/24 19:34:39 Adding required dependency openssh: Selecting version 6.7p1-1 for installation.
2014/11/24 19:34:39 Adding required dependency p11-kit: Selecting version 0.20.7-1 for installation.
2014/11/24 19:34:39 Adding required dependency p11-kit-trust: Selecting version 0.20.7-1 for installation.
2014/11/24 19:34:39 Adding required dependency perl: Selecting version 5.14.2-3 for installation.
2014/11/24 19:34:39 Adding required dependency perl-Error: Selecting version 0.17016-1 for installation.
2014/11/24 19:34:39 Adding required dependency perl_vendor: Selecting version 5.14.2-3 for installation.
2014/11/24 19:34:39 Adding required dependency popt: Selecting version 1.16-1 for installation.
2014/11/24 19:34:39 Adding required dependency python: Selecting version 2.7.8-1 for installation.
2014/11/24 19:34:39 Adding required dependency rsync: Selecting version 3.0.9-1 for installation.
2014/11/24 19:34:39 Adding required dependency xz: Selecting version 5.0.5-1 for installation.
2014/11/24 19:34:39 Adding required dependency zlib-devel: Selecting version 1.2.8-3 for installation.
2014/11/24 19:34:39 Adding required dependency zlib0: Selecting version 1.2.8-3 for installation.
2014/11/24 19:34:39 Adding required dependency _autorebase: Selecting version 000707-1 for installation.
2014/11/24 19:34:39 Adding required dependency _update-info-dir: Selecting version 01313-1 for installation.
2014/11/24 19:34:40 Downloaded C:\vbde\cygwin/http%3a%2f%2fpiotrkosoft.net%2fpub%2fmirrors%2fcygwin%2f/x86/release/_autorebase/_autorebase-000707-1.tar.bz2
2014/11/24 19:34:40 Downloaded C:\vbde\cygwin/http%3a%2f%2fpiotrkosoft.net%2fpub%2fmirrors%2fcygwin%2f/x86/release/_update-info-dir/_update-info-dir-01313-1.tar.bz2
2014/11/24 19:34:40 Downloaded C:\vbde\cygwin/http%3a%2f%2fpiotrkosoft.net%2fpub%2fmirrors%2fcygwin%2f/x86/release/alternatives/alternatives-1.3.30c-10.tar.bz2
2014/11/24 19:34:41 Downloaded C:\vbde\cygwin/http%3a%2f%2fpiotrkosoft.net%2fpub%2fmirrors%2fcygwin%2f/x86/release/base-cygwin/base-cygwin-3.3-1.tar.bz2
2014/11/24 19:34:41 Downloaded C:\vbde\cygwin/http%3a%2f%2fpiotrkosoft.net%2fpub%2fmirrors%2fcygwin%2f/x86/release/base-files/base-files-4.2-3.tar.xz
2014/11/24 19:34:46 Downloaded C:\vbde\cygwin/http%3a%2f%2fpiotrkosoft.net%2fpub%2fmirrors%2fcygwin%2f/x86/release/bash/bash-4.1.17-9.tar.xz
2014/11/24 19:35:12 Downloaded C:\vbde\cygwin/http%3a%2f%2fpiotrkosoft.net%2fpub%2fmirrors%2fcygwin%2f/x86/release/binutils/binutils-2.24.51-6.tar.xz
2014/11/24 19:35:16 Downloaded C:\vbde\cygwin/http%3a%2f%2fpiotrkosoft.net%2fpub%2fmirrors%2fcygwin%2f/x86/release/bzip2/bzip2-1.0.6-2.tar.bz2
2014/11/24 19:35:19 Downloaded C:\vbde\cygwin/http%3a%2f%2fpiotrkosoft.net%2fpub%2fmirrors%2fcygwin%2f/x86/release/ca-certificates/ca-certificates-2.1-1.tar.xz
2014/11/24 19:35:32 Downloaded C:\vbde\cygwin/http%3a%2f%2fpiotrkosoft.net%2fpub%2fmirrors%2fcygwin%2f/x86/release/coreutils/coreutils-8.23-4.tar.xz
2014/11/24 19:35:33 Downloaded C:\vbde\cygwin/http%3a%2f%2fpiotrkosoft.net%2fpub%2fmirrors%2fcygwin%2f/x86/release/crypt/crypt-1.2-1.tar.bz2
2014/11/24 19:35:34 Downloaded C:\vbde\cygwin/http%3a%2f%2fpiotrkosoft.net%2fpub%2fmirrors%2fcygwin%2f/x86/release/csih/csih-0.9.7-1.tar.bz2
2014/11/24 19:35:35 Downloaded C:\vbde\cygwin/http%3a%2f%2fpiotrkosoft.net%2fpub%2fmirrors%2fcygwin%2f/x86/release/cygrunsrv/cygrunsrv-1.61-1.tar.xz
2014/11/24 19:35:35 Downloaded C:\vbde\cygwin/http%3a%2f%2fpiotrkosoft.net%2fpub%2fmirrors%2fcygwin%2f/x86/release/cygutils/cygutils-1.4.14-1.tar.bz2
2014/11/24 19:35:46 Downloaded C:\vbde\cygwin/http%3a%2f%2fpiotrkosoft.net%2fpub%2fmirrors%2fcygwin%2f/x86/release/cygwin/cygwin-1.7.33-1.tar.xz
2014/11/24 19:35:47 Downloaded C:\vbde\cygwin/http%3a%2f%2fpiotrkosoft.net%2fpub%2fmirrors%2fcygwin%2f/x86/release/dash/dash-0.5.8-3.tar.xz
2014/11/24 19:35:48 Downloaded C:\vbde\cygwin/http%3a%2f%2fpiotrkosoft.net%2fpub%2fmirrors%2fcygwin%2f/x86/release/diffutils/diffutils-3.3-2.tar.xz
2014/11/24 19:35:48 Downloaded C:\vbde\cygwin/http%3a%2f%2fpiotrkosoft.net%2fpub%2fmirrors%2fcygwin%2f/x86/release/editrights/editrights-1.03-1.tar.xz
2014/11/24 19:35:53 Downloaded C:\vbde\cygwin/http%3a%2f%2fpiotrkosoft.net%2fpub%2fmirrors%2fcygwin%2f/x86/release/file/file-5.20-1.tar.xz
2014/11/24 19:35:57 Downloaded C:\vbde\cygwin/http%3a%2f%2fpiotrkosoft.net%2fpub%2fmirrors%2fcygwin%2f/x86/release/findutils/findutils-4.5.12-1.tar.xz
2014/11/24 19:36:05 Downloaded C:\vbde\cygwin/http%3a%2f%2fpiotrkosoft.net%2fpub%2fmirrors%2fcygwin%2f/x86/release/gawk/gawk-4.1.1-1.tar.xz
2014/11/24 19:36:05 Downloaded C:\vbde\cygwin/http%3a%2f%2fpiotrkosoft.net%2fpub%2fmirrors%2fcygwin%2f/x86/release/getent/getent-2.18.90-4.tar.xz
2014/11/24 19:36:33 Downloaded C:\vbde\cygwin/http%3a%2f%2fpiotrkosoft.net%2fpub%2fmirrors%2fcygwin%2f/x86/release/git/git-2.1.1-1.tar.xz
2014/11/24 19:36:36 Downloaded C:\vbde\cygwin/http%3a%2f%2fpiotrkosoft.net%2fpub%2fmirrors%2fcygwin%2f/x86/release/grep/grep-2.20-1.tar.xz
2014/11/24 19:36:50 Downloaded C:\vbde\cygwin/http%3a%2f%2fpiotrkosoft.net%2fpub%2fmirrors%2fcygwin%2f/x86/release/groff/groff-1.22.2-2.tar.xz
2014/11/24 19:36:51 Downloaded C:\vbde\cygwin/http%3a%2f%2fpiotrkosoft.net%2fpub%2fmirrors%2fcygwin%2f/x86/release/gzip/gzip-1.6-1.tar.xz
2014/11/24 19:36:51 Downloaded C:\vbde\cygwin/http%3a%2f%2fpiotrkosoft.net%2fpub%2fmirrors%2fcygwin%2f/x86/release/hostname/hostname-3.13-1.tar.bz2
2014/11/24 19:36:55 Downloaded C:\vbde\cygwin/http%3a%2f%2fpiotrkosoft.net%2fpub%2fmirrors%2fcygwin%2f/x86/release/texinfo/info/info-5.2-3.tar.xz
2014/11/24 19:36:55 Downloaded C:\vbde\cygwin/http%3a%2f%2fpiotrkosoft.net%2fpub%2fmirrors%2fcygwin%2f/x86/release/ipc-utils/ipc-utils-1.0-1.tar.bz2
2014/11/24 19:36:56 Downloaded C:\vbde\cygwin/http%3a%2f%2fpiotrkosoft.net%2fpub%2fmirrors%2fcygwin%2f/x86/release/less/less-444-1.tar.bz2
2014/11/24 19:36:57 Downloaded C:\vbde\cygwin/http%3a%2f%2fpiotrkosoft.net%2fpub%2fmirrors%2fcygwin%2f/x86/release/libargp/libargp-20110921-2.tar.bz2
2014/11/24 19:36:57 Downloaded C:\vbde\cygwin/http%3a%2f%2fpiotrkosoft.net%2fpub%2fmirrors%2fcygwin%2f/x86/release/attr/libattr1/libattr1-2.4.46-1.tar.bz2
2014/11/24 19:37:01 Downloaded C:\vbde\cygwin/http%3a%2f%2fpiotrkosoft.net%2fpub%2fmirrors%2fcygwin%2f/x86/release/util-linux/libblkid1/libblkid1-2.25.1-1.tar.xz
2014/11/24 19:37:01 Downloaded C:\vbde\cygwin/http%3a%2f%2fpiotrkosoft.net%2fpub%2fmirrors%2fcygwin%2f/x86/release/bzip2/libbz2_1/libbz2_1-1.0.6-2.tar.bz2
2014/11/24 19:37:01 Downloaded C:\vbde\cygwin/http%3a%2f%2fpiotrkosoft.net%2fpub%2fmirrors%2fcygwin%2f/x86/release/libiconv/libcharset1/libcharset1-1.14-2.tar.bz2
2014/11/24 19:37:01 Downloaded C:\vbde\cygwin/http%3a%2f%2fpiotrkosoft.net%2fpub%2fmirrors%2fcygwin%2f/x86/release/e2fsprogs/libcom_err2/libcom_err2-1.42.10-1.tar.xz
2014/11/24 19:37:04 Downloaded C:\vbde\cygwin/http%3a%2f%2fpiotrkosoft.net%2fpub%2fmirrors%2fcygwin%2f/x86/release/curl/libcurl4/libcurl4-7.39.0-1.tar.xz
2014/11/24 19:37:08 Downloaded C:\vbde\cygwin/http%3a%2f%2fpiotrkosoft.net%2fpub%2fmirrors%2fcygwin%2f/x86/release/db4.8/libdb4.8/libdb4.8-4.8.30-1.tar.bz2
2014/11/24 19:37:09 Downloaded C:\vbde\cygwin/http%3a%2f%2fpiotrkosoft.net%2fpub%2fmirrors%2fcygwin%2f/x86/release/libedit/libedit0/libedit0-20130712-1.tar.xz
2014/11/24 19:37:09 Downloaded C:\vbde\cygwin/http%3a%2f%2fpiotrkosoft.net%2fpub%2fmirrors%2fcygwin%2f/x86/release/expat/libexpat1/libexpat1-2.1.0-3.tar.bz2
2014/11/24 19:37:09 Downloaded C:\vbde\cygwin/http%3a%2f%2fpiotrkosoft.net%2fpub%2fmirrors%2fcygwin%2f/x86/release/libffi/libffi6/libffi6-3.0.13-1.tar.bz2
2014/11/24 19:37:09 Downloaded C:\vbde\cygwin/http%3a%2f%2fpiotrkosoft.net%2fpub%2fmirrors%2fcygwin%2f/x86/release/gcc/libgcc1/libgcc1-4.8.3-4.tar.xz
2014/11/24 19:37:10 Downloaded C:\vbde\cygwin/http%3a%2f%2fpiotrkosoft.net%2fpub%2fmirrors%2fcygwin%2f/x86/release/gdbm/libgdbm4/libgdbm4-1.8.3-20.tar.bz2
2014/11/24 19:37:11 Downloaded C:\vbde\cygwin/http%3a%2f%2fpiotrkosoft.net%2fpub%2fmirrors%2fcygwin%2f/x86/release/gmp/libgmp10/libgmp10-6.0.0a-1.tar.xz
2014/11/24 19:37:12 Downloaded C:\vbde\cygwin/http%3a%2f%2fpiotrkosoft.net%2fpub%2fmirrors%2fcygwin%2f/x86/release/krb5/libgssapi_krb5_2/libgssapi_krb5_2-1.12.2-1.tar.xz
2014/11/24 19:37:19 Downloaded C:\vbde\cygwin/http%3a%2f%2fpiotrkosoft.net%2fpub%2fmirrors%2fcygwin%2f/x86/release/libiconv/libiconv-1.14-2.tar.bz2
2014/11/24 19:37:22 Downloaded C:\vbde\cygwin/http%3a%2f%2fpiotrkosoft.net%2fpub%2fmirrors%2fcygwin%2f/x86/release/libiconv/libiconv2/libiconv2-1.14-2.tar.bz2
2014/11/24 19:37:22 Downloaded C:\vbde\cygwin/http%3a%2f%2fpiotrkosoft.net%2fpub%2fmirrors%2fcygwin%2f/x86/release/libidn/libidn11/libidn11-1.26-1.tar.bz2
2014/11/24 19:37:23 Downloaded C:\vbde\cygwin/http%3a%2f%2fpiotrkosoft.net%2fpub%2fmirrors%2fcygwin%2f/x86/release/gettext/libintl-devel/libintl-devel-0.18.3.2-2.tar.xz
2014/11/24 19:37:23 Downloaded C:\vbde\cygwin/http%3a%2f%2fpiotrkosoft.net%2fpub%2fmirrors%2fcygwin%2f/x86/release/gettext/libintl8/libintl8-0.18.3.2-2.tar.xz
2014/11/24 19:37:27 Downloaded C:\vbde\cygwin/http%3a%2f%2fpiotrkosoft.net%2fpub%2fmirrors%2fcygwin%2f/x86/release/krb5/libk5crypto3/libk5crypto3-1.12.2-1.tar.xz
2014/11/24 19:37:28 Downloaded C:\vbde\cygwin/http%3a%2f%2fpiotrkosoft.net%2fpub%2fmirrors%2fcygwin%2f/x86/release/krb5/libkrb5_3/libkrb5_3-1.12.2-1.tar.xz
2014/11/24 19:37:28 Downloaded C:\vbde\cygwin/http%3a%2f%2fpiotrkosoft.net%2fpub%2fmirrors%2fcygwin%2f/x86/release/krb5/libkrb5support0/libkrb5support0-1.12.2-1.tar.xz
2014/11/24 19:37:29 Downloaded C:\vbde\cygwin/http%3a%2f%2fpiotrkosoft.net%2fpub%2fmirrors%2fcygwin%2f/x86/release/xz/liblzma5/liblzma5-5.0.5-1.tar.xz
2014/11/24 19:37:30 Downloaded C:\vbde\cygwin/http%3a%2f%2fpiotrkosoft.net%2fpub%2fmirrors%2fcygwin%2f/x86/release/mpfr/libmpfr4/libmpfr4-3.1.2-1.tar.bz2
2014/11/24 19:37:31 Downloaded C:\vbde\cygwin/http%3a%2f%2fpiotrkosoft.net%2fpub%2fmirrors%2fcygwin%2f/x86/release/ncurses/libncurses10/libncurses10-5.9-20140524-1.tar.xz
2014/11/24 19:37:32 Downloaded C:\vbde\cygwin/http%3a%2f%2fpiotrkosoft.net%2fpub%2fmirrors%2fcygwin%2f/x86/release/ncurses/libncursesw10/libncursesw10-5.9-20140524-1.tar.xz
2014/11/24 19:37:33 Downloaded C:\vbde\cygwin/http%3a%2f%2fpiotrkosoft.net%2fpub%2fmirrors%2fcygwin%2f/x86/release/openldap/libopenldap2_4_2/libopenldap2_4_2-2.4.40-1.tar.xz
2014/11/24 19:37:36 Downloaded C:\vbde\cygwin/http%3a%2f%2fpiotrkosoft.net%2fpub%2fmirrors%2fcygwin%2f/x86/release/openssl/libopenssl100/libopenssl100-1.0.1j-1.tar.xz
2014/11/24 19:37:40 Downloaded C:\vbde\cygwin/http%3a%2f%2fpiotrkosoft.net%2fpub%2fmirrors%2fcygwin%2f/x86/release/p11-kit/libp11-kit0/libp11-kit0-0.20.7-1.tar.xz
2014/11/24 19:37:40 Downloaded C:\vbde\cygwin/http%3a%2f%2fpiotrkosoft.net%2fpub%2fmirrors%2fcygwin%2f/x86/release/pcre/libpcre1/libpcre1-8.35-1.tar.xz
2014/11/24 19:37:41 Downloaded C:\vbde\cygwin/http%3a%2f%2fpiotrkosoft.net%2fpub%2fmirrors%2fcygwin%2f/x86/release/libpipeline/libpipeline1/libpipeline1-1.3.0-3.tar.xz
2014/11/24 19:37:41 Downloaded C:\vbde\cygwin/http%3a%2f%2fpiotrkosoft.net%2fpub%2fmirrors%2fcygwin%2f/x86/release/popt/libpopt0/libpopt0-1.16-1.tar.xz
2014/11/24 19:37:42 Downloaded C:\vbde\cygwin/http%3a%2f%2fpiotrkosoft.net%2fpub%2fmirrors%2fcygwin%2f/x86/release/readline/libreadline7/libreadline7-6.1.2-3.tar.bz2
2014/11/24 19:37:42 Downloaded C:\vbde\cygwin/http%3a%2f%2fpiotrkosoft.net%2fpub%2fmirrors%2fcygwin%2f/x86/release/cyrus-sasl/libsasl2_3/libsasl2_3-2.1.26-8.tar.xz
2014/11/24 19:37:43 Downloaded C:\vbde\cygwin/http%3a%2f%2fpiotrkosoft.net%2fpub%2fmirrors%2fcygwin%2f/x86/release/libsigsegv/libsigsegv2/libsigsegv2-2.10-1.tar.bz2
2014/11/24 19:37:43 Downloaded C:\vbde\cygwin/http%3a%2f%2fpiotrkosoft.net%2fpub%2fmirrors%2fcygwin%2f/x86/release/util-linux/libsmartcols1/libsmartcols1-2.25.1-1.tar.xz
2014/11/24 19:37:45 Downloaded C:\vbde\cygwin/http%3a%2f%2fpiotrkosoft.net%2fpub%2fmirrors%2fcygwin%2f/x86/release/sqlite3/libsqlite3_0/libsqlite3_0-3.8.7.2-1.tar.xz
2014/11/24 19:37:46 Downloaded C:\vbde\cygwin/http%3a%2f%2fpiotrkosoft.net%2fpub%2fmirrors%2fcygwin%2f/x86/release/libssh2/libssh2_1/libssh2_1-1.4.3-1.tar.xz
2014/11/24 19:37:46 Downloaded C:\vbde\cygwin/http%3a%2f%2fpiotrkosoft.net%2fpub%2fmirrors%2fcygwin%2f/x86/release/gcc/libssp0/libssp0-4.8.3-4.tar.xz
2014/11/24 19:37:48 Downloaded C:\vbde\cygwin/http%3a%2f%2fpiotrkosoft.net%2fpub%2fmirrors%2fcygwin%2f/x86/release/gcc/libstdc++6/libstdc++6-4.8.3-4.tar.xz
2014/11/24 19:37:49 Downloaded C:\vbde\cygwin/http%3a%2f%2fpiotrkosoft.net%2fpub%2fmirrors%2fcygwin%2f/x86/release/libtasn1/libtasn1_6/libtasn1_6-4.2-1.tar.xz
2014/11/24 19:37:49 Downloaded C:\vbde\cygwin/http%3a%2f%2fpiotrkosoft.net%2fpub%2fmirrors%2fcygwin%2f/x86/release/util-linux/libuuid-devel/libuuid-devel-2.25.1-1.tar.xz
2014/11/24 19:37:49 Downloaded C:\vbde\cygwin/http%3a%2f%2fpiotrkosoft.net%2fpub%2fmirrors%2fcygwin%2f/x86/release/util-linux/libuuid1/libuuid1-2.25.1-1.tar.xz
2014/11/24 19:37:55 Downloaded C:\vbde\cygwin/http%3a%2f%2fpiotrkosoft.net%2fpub%2fmirrors%2fcygwin%2f/x86/release/libxml2/libxml2-2.9.2-1.tar.xz
2014/11/24 19:37:58 Downloaded C:\vbde\cygwin/http%3a%2f%2fpiotrkosoft.net%2fpub%2fmirrors%2fcygwin%2f/x86/release/login/login-1.11-1.tar.xz
2014/11/24 19:38:08 Downloaded C:\vbde\cygwin/http%3a%2f%2fpiotrkosoft.net%2fpub%2fmirrors%2fcygwin%2f/x86/release/lynx/lynx-2.8.7-1.tar.bz2
2014/11/24 19:38:10 Downloaded C:\vbde\cygwin/http%3a%2f%2fpiotrkosoft.net%2fpub%2fmirrors%2fcygwin%2f/x86/release/make/make-4.0-2.tar.xz
2014/11/24 19:38:18 Downloaded C:\vbde\cygwin/http%3a%2f%2fpiotrkosoft.net%2fpub%2fmirrors%2fcygwin%2f/x86/release/man-db/man-db-2.6.7-2.tar.xz
2014/11/24 19:38:19 Downloaded C:\vbde\cygwin/http%3a%2f%2fpiotrkosoft.net%2fpub%2fmirrors%2fcygwin%2f/x86/release/mintty/mintty-1.1.3-1.tar.bz2
2014/11/24 19:38:23 Downloaded C:\vbde\cygwin/http%3a%2f%2fpiotrkosoft.net%2fpub%2fmirrors%2fcygwin%2f/x86/release/openssh/openssh-6.7p1-1.tar.xz
2014/11/24 19:38:25 Downloaded C:\vbde\cygwin/http%3a%2f%2fpiotrkosoft.net%2fpub%2fmirrors%2fcygwin%2f/x86/release/p11-kit/p11-kit-0.20.7-1.tar.xz
2014/11/24 19:38:25 Downloaded C:\vbde\cygwin/http%3a%2f%2fpiotrkosoft.net%2fpub%2fmirrors%2fcygwin%2f/x86/release/p11-kit/p11-kit-trust/p11-kit-trust-0.20.7-1.tar.xz
2014/11/24 19:39:22 Downloaded C:\vbde\cygwin/http%3a%2f%2fpiotrkosoft.net%2fpub%2fmirrors%2fcygwin%2f/x86/release/perl/perl-5.14.2-3.tar.bz2
2014/11/24 19:39:23 Downloaded C:\vbde\cygwin/http%3a%2f%2fpiotrkosoft.net%2fpub%2fmirrors%2fcygwin%2f/x86/release/perl-Error/perl-Error-0.17016-1.tar.bz2
2014/11/24 19:39:47 Downloaded C:\vbde\cygwin/http%3a%2f%2fpiotrkosoft.net%2fpub%2fmirrors%2fcygwin%2f/x86/release/perl/perl_vendor/perl_vendor-5.14.2-3.tar.bz2
2014/11/24 19:39:47 Downloaded C:\vbde\cygwin/http%3a%2f%2fpiotrkosoft.net%2fpub%2fmirrors%2fcygwin%2f/x86/release/popt/popt-1.16-1.tar.xz
2014/11/24 19:40:43 Downloaded C:\vbde\cygwin/http%3a%2f%2fpiotrkosoft.net%2fpub%2fmirrors%2fcygwin%2f/x86/release/python/python-2.7.8-1.tar.xz
2014/11/24 19:40:45 Downloaded C:\vbde\cygwin/http%3a%2f%2fpiotrkosoft.net%2fpub%2fmirrors%2fcygwin%2f/x86/release/rebase/rebase-4.4.1-1.tar.bz2
2014/11/24 19:40:48 Downloaded C:\vbde\cygwin/http%3a%2f%2fpiotrkosoft.net%2fpub%2fmirrors%2fcygwin%2f/x86/release/rsync/rsync-3.0.9-1.tar.bz2
2014/11/24 19:40:49 Downloaded C:\vbde\cygwin/http%3a%2f%2fpiotrkosoft.net%2fpub%2fmirrors%2fcygwin%2f/x86/release/run/run-1.3.3-1.tar.xz
2014/11/24 19:40:51 Downloaded C:\vbde\cygwin/http%3a%2f%2fpiotrkosoft.net%2fpub%2fmirrors%2fcygwin%2f/x86/release/sed/sed-4.2.2-3.tar.bz2
2014/11/24 19:40:58 Downloaded C:\vbde\cygwin/http%3a%2f%2fpiotrkosoft.net%2fpub%2fmirrors%2fcygwin%2f/x86/release/tar/tar-1.27.1-1.tar.xz
2014/11/24 19:40:58 Downloaded C:\vbde\cygwin/http%3a%2f%2fpiotrkosoft.net%2fpub%2fmirrors%2fcygwin%2f/x86/release/ncurses/terminfo/terminfo-5.9-20140524-1.tar.xz
2014/11/24 19:41:02 Downloaded C:\vbde\cygwin/http%3a%2f%2fpiotrkosoft.net%2fpub%2fmirrors%2fcygwin%2f/x86/release/tzcode/tzcode-2014i-1.tar.xz
2014/11/24 19:41:13 Downloaded C:\vbde\cygwin/http%3a%2f%2fpiotrkosoft.net%2fpub%2fmirrors%2fcygwin%2f/x86/release/util-linux/util-linux-2.25.1-1.tar.xz
2014/11/24 19:41:17 Downloaded C:\vbde\cygwin/http%3a%2f%2fpiotrkosoft.net%2fpub%2fmirrors%2fcygwin%2f/x86/release/vim/vim-minimal/vim-minimal-7.4.516-1.tar.xz
2014/11/24 19:41:17 Downloaded C:\vbde\cygwin/http%3a%2f%2fpiotrkosoft.net%2fpub%2fmirrors%2fcygwin%2f/x86/release/which/which-2.20-2.tar.bz2
2014/11/24 19:41:20 Downloaded C:\vbde\cygwin/http%3a%2f%2fpiotrkosoft.net%2fpub%2fmirrors%2fcygwin%2f/x86/release/xz/xz-5.0.5-1.tar.xz
2014/11/24 19:41:21 Downloaded C:\vbde\cygwin/http%3a%2f%2fpiotrkosoft.net%2fpub%2fmirrors%2fcygwin%2f/x86/release/zlib/zlib-devel/zlib-devel-1.2.8-3.tar.xz
2014/11/24 19:41:21 Downloaded C:\vbde\cygwin/http%3a%2f%2fpiotrkosoft.net%2fpub%2fmirrors%2fcygwin%2f/x86/release/zlib/zlib0/zlib0-1.2.8-3.tar.xz
2014/11/24 19:41:27 Extracting from file://C:\vbde\cygwin/http%3a%2f%2fpiotrkosoft.net%2fpub%2fmirrors%2fcygwin%2f/x86/release/_autorebase/_autorebase-000707-1.tar.bz2
2014/11/24 19:41:27 Extracting from file://C:\vbde\cygwin/http%3a%2f%2fpiotrkosoft.net%2fpub%2fmirrors%2fcygwin%2f/x86/release/_update-info-dir/_update-info-dir-01313-1.tar.bz2
2014/11/24 19:41:27 Extracting from file://C:\vbde\cygwin/http%3a%2f%2fpiotrkosoft.net%2fpub%2fmirrors%2fcygwin%2f/x86/release/alternatives/alternatives-1.3.30c-10.tar.bz2
2014/11/24 19:41:28 Extracting from file://C:\vbde\cygwin/http%3a%2f%2fpiotrkosoft.net%2fpub%2fmirrors%2fcygwin%2f/x86/release/base-cygwin/base-cygwin-3.3-1.tar.bz2
2014/11/24 19:41:28 Extracting from file://C:\vbde\cygwin/http%3a%2f%2fpiotrkosoft.net%2fpub%2fmirrors%2fcygwin%2f/x86/release/base-files/base-files-4.2-3.tar.xz
2014/11/24 19:41:28 Extracting from file://C:\vbde\cygwin/http%3a%2f%2fpiotrkosoft.net%2fpub%2fmirrors%2fcygwin%2f/x86/release/bash/bash-4.1.17-9.tar.xz
2014/11/24 19:41:29 Extracting from file://C:\vbde\cygwin/http%3a%2f%2fpiotrkosoft.net%2fpub%2fmirrors%2fcygwin%2f/x86/release/binutils/binutils-2.24.51-6.tar.xz
2014/11/24 19:41:33 Extracting from file://C:\vbde\cygwin/http%3a%2f%2fpiotrkosoft.net%2fpub%2fmirrors%2fcygwin%2f/x86/release/bzip2/bzip2-1.0.6-2.tar.bz2
2014/11/24 19:41:34 Extracting from file://C:\vbde\cygwin/http%3a%2f%2fpiotrkosoft.net%2fpub%2fmirrors%2fcygwin%2f/x86/release/ca-certificates/ca-certificates-2.1-1.tar.xz
2014/11/24 19:41:34 Extracting from file://C:\vbde\cygwin/http%3a%2f%2fpiotrkosoft.net%2fpub%2fmirrors%2fcygwin%2f/x86/release/coreutils/coreutils-8.23-4.tar.xz
2014/11/24 19:41:38 Extracting from file://C:\vbde\cygwin/http%3a%2f%2fpiotrkosoft.net%2fpub%2fmirrors%2fcygwin%2f/x86/release/crypt/crypt-1.2-1.tar.bz2
2014/11/24 19:41:38 Extracting from file://C:\vbde\cygwin/http%3a%2f%2fpiotrkosoft.net%2fpub%2fmirrors%2fcygwin%2f/x86/release/csih/csih-0.9.7-1.tar.bz2
2014/11/24 19:41:38 Extracting from file://C:\vbde\cygwin/http%3a%2f%2fpiotrkosoft.net%2fpub%2fmirrors%2fcygwin%2f/x86/release/cygrunsrv/cygrunsrv-1.61-1.tar.xz
2014/11/24 19:41:38 Extracting from file://C:\vbde\cygwin/http%3a%2f%2fpiotrkosoft.net%2fpub%2fmirrors%2fcygwin%2f/x86/release/cygutils/cygutils-1.4.14-1.tar.bz2
2014/11/24 19:41:38 Extracting from file://C:\vbde\cygwin/http%3a%2f%2fpiotrkosoft.net%2fpub%2fmirrors%2fcygwin%2f/x86/release/cygwin/cygwin-1.7.33-1.tar.xz
2014/11/24 19:41:39 Extracting from file://C:\vbde\cygwin/http%3a%2f%2fpiotrkosoft.net%2fpub%2fmirrors%2fcygwin%2f/x86/release/dash/dash-0.5.8-3.tar.xz
2014/11/24 19:41:40 Extracting from file://C:\vbde\cygwin/http%3a%2f%2fpiotrkosoft.net%2fpub%2fmirrors%2fcygwin%2f/x86/release/diffutils/diffutils-3.3-2.tar.xz
2014/11/24 19:41:40 Extracting from file://C:\vbde\cygwin/http%3a%2f%2fpiotrkosoft.net%2fpub%2fmirrors%2fcygwin%2f/x86/release/editrights/editrights-1.03-1.tar.xz
2014/11/24 19:41:40 Extracting from file://C:\vbde\cygwin/http%3a%2f%2fpiotrkosoft.net%2fpub%2fmirrors%2fcygwin%2f/x86/release/file/file-5.20-1.tar.xz
2014/11/24 19:41:40 Extracting from file://C:\vbde\cygwin/http%3a%2f%2fpiotrkosoft.net%2fpub%2fmirrors%2fcygwin%2f/x86/release/findutils/findutils-4.5.12-1.tar.xz
2014/11/24 19:41:41 Extracting from file://C:\vbde\cygwin/http%3a%2f%2fpiotrkosoft.net%2fpub%2fmirrors%2fcygwin%2f/x86/release/gawk/gawk-4.1.1-1.tar.xz
2014/11/24 19:41:43 Extracting from file://C:\vbde\cygwin/http%3a%2f%2fpiotrkosoft.net%2fpub%2fmirrors%2fcygwin%2f/x86/release/getent/getent-2.18.90-4.tar.xz
2014/11/24 19:41:43 Extracting from file://C:\vbde\cygwin/http%3a%2f%2fpiotrkosoft.net%2fpub%2fmirrors%2fcygwin%2f/x86/release/git/git-2.1.1-1.tar.xz
2014/11/24 19:41:58 Extracting from file://C:\vbde\cygwin/http%3a%2f%2fpiotrkosoft.net%2fpub%2fmirrors%2fcygwin%2f/x86/release/grep/grep-2.20-1.tar.xz
2014/11/24 19:41:59 Extracting from file://C:\vbde\cygwin/http%3a%2f%2fpiotrkosoft.net%2fpub%2fmirrors%2fcygwin%2f/x86/release/groff/groff-1.22.2-2.tar.xz
2014/11/24 19:42:11 Extracting from file://C:\vbde\cygwin/http%3a%2f%2fpiotrkosoft.net%2fpub%2fmirrors%2fcygwin%2f/x86/release/gzip/gzip-1.6-1.tar.xz
2014/11/24 19:42:11 Extracting from file://C:\vbde\cygwin/http%3a%2f%2fpiotrkosoft.net%2fpub%2fmirrors%2fcygwin%2f/x86/release/hostname/hostname-3.13-1.tar.bz2
2014/11/24 19:42:12 Extracting from file://C:\vbde\cygwin/http%3a%2f%2fpiotrkosoft.net%2fpub%2fmirrors%2fcygwin%2f/x86/release/texinfo/info/info-5.2-3.tar.xz
2014/11/24 19:42:13 Extracting from file://C:\vbde\cygwin/http%3a%2f%2fpiotrkosoft.net%2fpub%2fmirrors%2fcygwin%2f/x86/release/ipc-utils/ipc-utils-1.0-1.tar.bz2
2014/11/24 19:42:13 Extracting from file://C:\vbde\cygwin/http%3a%2f%2fpiotrkosoft.net%2fpub%2fmirrors%2fcygwin%2f/x86/release/less/less-444-1.tar.bz2
2014/11/24 19:42:13 Extracting from file://C:\vbde\cygwin/http%3a%2f%2fpiotrkosoft.net%2fpub%2fmirrors%2fcygwin%2f/x86/release/libargp/libargp-20110921-2.tar.bz2
2014/11/24 19:42:13 Extracting from file://C:\vbde\cygwin/http%3a%2f%2fpiotrkosoft.net%2fpub%2fmirrors%2fcygwin%2f/x86/release/attr/libattr1/libattr1-2.4.46-1.tar.bz2
2014/11/24 19:42:13 Extracting from file://C:\vbde\cygwin/http%3a%2f%2fpiotrkosoft.net%2fpub%2fmirrors%2fcygwin%2f/x86/release/util-linux/libblkid1/libblkid1-2.25.1-1.tar.xz
2014/11/24 19:42:13 Extracting from file://C:\vbde\cygwin/http%3a%2f%2fpiotrkosoft.net%2fpub%2fmirrors%2fcygwin%2f/x86/release/bzip2/libbz2_1/libbz2_1-1.0.6-2.tar.bz2
2014/11/24 19:42:13 Extracting from file://C:\vbde\cygwin/http%3a%2f%2fpiotrkosoft.net%2fpub%2fmirrors%2fcygwin%2f/x86/release/libiconv/libcharset1/libcharset1-1.14-2.tar.bz2
2014/11/24 19:42:13 Extracting from file://C:\vbde\cygwin/http%3a%2f%2fpiotrkosoft.net%2fpub%2fmirrors%2fcygwin%2f/x86/release/e2fsprogs/libcom_err2/libcom_err2-1.42.10-1.tar.xz
2014/11/24 19:42:13 Extracting from file://C:\vbde\cygwin/http%3a%2f%2fpiotrkosoft.net%2fpub%2fmirrors%2fcygwin%2f/x86/release/curl/libcurl4/libcurl4-7.39.0-1.tar.xz
2014/11/24 19:42:13 Extracting from file://C:\vbde\cygwin/http%3a%2f%2fpiotrkosoft.net%2fpub%2fmirrors%2fcygwin%2f/x86/release/db4.8/libdb4.8/libdb4.8-4.8.30-1.tar.bz2
2014/11/24 19:42:13 Extracting from file://C:\vbde\cygwin/http%3a%2f%2fpiotrkosoft.net%2fpub%2fmirrors%2fcygwin%2f/x86/release/libedit/libedit0/libedit0-20130712-1.tar.xz
2014/11/24 19:42:14 Extracting from file://C:\vbde\cygwin/http%3a%2f%2fpiotrkosoft.net%2fpub%2fmirrors%2fcygwin%2f/x86/release/expat/libexpat1/libexpat1-2.1.0-3.tar.bz2
2014/11/24 19:42:14 Extracting from file://C:\vbde\cygwin/http%3a%2f%2fpiotrkosoft.net%2fpub%2fmirrors%2fcygwin%2f/x86/release/libffi/libffi6/libffi6-3.0.13-1.tar.bz2
2014/11/24 19:42:14 Extracting from file://C:\vbde\cygwin/http%3a%2f%2fpiotrkosoft.net%2fpub%2fmirrors%2fcygwin%2f/x86/release/gcc/libgcc1/libgcc1-4.8.3-4.tar.xz
2014/11/24 19:42:14 Extracting from file://C:\vbde\cygwin/http%3a%2f%2fpiotrkosoft.net%2fpub%2fmirrors%2fcygwin%2f/x86/release/gdbm/libgdbm4/libgdbm4-1.8.3-20.tar.bz2
2014/11/24 19:42:14 Extracting from file://C:\vbde\cygwin/http%3a%2f%2fpiotrkosoft.net%2fpub%2fmirrors%2fcygwin%2f/x86/release/gmp/libgmp10/libgmp10-6.0.0a-1.tar.xz
2014/11/24 19:42:14 Extracting from file://C:\vbde\cygwin/http%3a%2f%2fpiotrkosoft.net%2fpub%2fmirrors%2fcygwin%2f/x86/release/krb5/libgssapi_krb5_2/libgssapi_krb5_2-1.12.2-1.tar.xz
2014/11/24 19:42:14 Extracting from file://C:\vbde\cygwin/http%3a%2f%2fpiotrkosoft.net%2fpub%2fmirrors%2fcygwin%2f/x86/release/libiconv/libiconv-1.14-2.tar.bz2
2014/11/24 19:42:16 Extracting from file://C:\vbde\cygwin/http%3a%2f%2fpiotrkosoft.net%2fpub%2fmirrors%2fcygwin%2f/x86/release/libiconv/libiconv2/libiconv2-1.14-2.tar.bz2
2014/11/24 19:42:16 Extracting from file://C:\vbde\cygwin/http%3a%2f%2fpiotrkosoft.net%2fpub%2fmirrors%2fcygwin%2f/x86/release/libidn/libidn11/libidn11-1.26-1.tar.bz2
2014/11/24 19:42:16 Extracting from file://C:\vbde\cygwin/http%3a%2f%2fpiotrkosoft.net%2fpub%2fmirrors%2fcygwin%2f/x86/release/gettext/libintl-devel/libintl-devel-0.18.3.2-2.tar.xz
2014/11/24 19:42:16 Extracting from file://C:\vbde\cygwin/http%3a%2f%2fpiotrkosoft.net%2fpub%2fmirrors%2fcygwin%2f/x86/release/gettext/libintl8/libintl8-0.18.3.2-2.tar.xz
2014/11/24 19:42:16 Extracting from file://C:\vbde\cygwin/http%3a%2f%2fpiotrkosoft.net%2fpub%2fmirrors%2fcygwin%2f/x86/release/krb5/libk5crypto3/libk5crypto3-1.12.2-1.tar.xz
2014/11/24 19:42:16 Extracting from file://C:\vbde\cygwin/http%3a%2f%2fpiotrkosoft.net%2fpub%2fmirrors%2fcygwin%2f/x86/release/krb5/libkrb5_3/libkrb5_3-1.12.2-1.tar.xz
2014/11/24 19:42:16 Extracting from file://C:\vbde\cygwin/http%3a%2f%2fpiotrkosoft.net%2fpub%2fmirrors%2fcygwin%2f/x86/release/krb5/libkrb5support0/libkrb5support0-1.12.2-1.tar.xz
2014/11/24 19:42:17 Extracting from file://C:\vbde\cygwin/http%3a%2f%2fpiotrkosoft.net%2fpub%2fmirrors%2fcygwin%2f/x86/release/xz/liblzma5/liblzma5-5.0.5-1.tar.xz
2014/11/24 19:42:17 Extracting from file://C:\vbde\cygwin/http%3a%2f%2fpiotrkosoft.net%2fpub%2fmirrors%2fcygwin%2f/x86/release/mpfr/libmpfr4/libmpfr4-3.1.2-1.tar.bz2
2014/11/24 19:42:17 Extracting from file://C:\vbde\cygwin/http%3a%2f%2fpiotrkosoft.net%2fpub%2fmirrors%2fcygwin%2f/x86/release/ncurses/libncurses10/libncurses10-5.9-20140524-1.tar.xz
2014/11/24 19:42:18 Extracting from file://C:\vbde\cygwin/http%3a%2f%2fpiotrkosoft.net%2fpub%2fmirrors%2fcygwin%2f/x86/release/ncurses/libncursesw10/libncursesw10-5.9-20140524-1.tar.xz
2014/11/24 19:42:18 Extracting from file://C:\vbde\cygwin/http%3a%2f%2fpiotrkosoft.net%2fpub%2fmirrors%2fcygwin%2f/x86/release/openldap/libopenldap2_4_2/libopenldap2_4_2-2.4.40-1.tar.xz
2014/11/24 19:42:18 Extracting from file://C:\vbde\cygwin/http%3a%2f%2fpiotrkosoft.net%2fpub%2fmirrors%2fcygwin%2f/x86/release/openssl/libopenssl100/libopenssl100-1.0.1j-1.tar.xz
2014/11/24 19:42:19 Extracting from file://C:\vbde\cygwin/http%3a%2f%2fpiotrkosoft.net%2fpub%2fmirrors%2fcygwin%2f/x86/release/p11-kit/libp11-kit0/libp11-kit0-0.20.7-1.tar.xz
2014/11/24 19:42:19 Extracting from file://C:\vbde\cygwin/http%3a%2f%2fpiotrkosoft.net%2fpub%2fmirrors%2fcygwin%2f/x86/release/pcre/libpcre1/libpcre1-8.35-1.tar.xz
2014/11/24 19:42:19 Extracting from file://C:\vbde\cygwin/http%3a%2f%2fpiotrkosoft.net%2fpub%2fmirrors%2fcygwin%2f/x86/release/libpipeline/libpipeline1/libpipeline1-1.3.0-3.tar.xz
2014/11/24 19:42:19 Extracting from file://C:\vbde\cygwin/http%3a%2f%2fpiotrkosoft.net%2fpub%2fmirrors%2fcygwin%2f/x86/release/readline/libreadline7/libreadline7-6.1.2-3.tar.bz2
2014/11/24 19:42:19 Extracting from file://C:\vbde\cygwin/http%3a%2f%2fpiotrkosoft.net%2fpub%2fmirrors%2fcygwin%2f/x86/release/cyrus-sasl/libsasl2_3/libsasl2_3-2.1.26-8.tar.xz
2014/11/24 19:42:20 Extracting from file://C:\vbde\cygwin/http%3a%2f%2fpiotrkosoft.net%2fpub%2fmirrors%2fcygwin%2f/x86/release/libsigsegv/libsigsegv2/libsigsegv2-2.10-1.tar.bz2
2014/11/24 19:42:20 Extracting from file://C:\vbde\cygwin/http%3a%2f%2fpiotrkosoft.net%2fpub%2fmirrors%2fcygwin%2f/x86/release/util-linux/libsmartcols1/libsmartcols1-2.25.1-1.tar.xz
2014/11/24 19:42:20 Extracting from file://C:\vbde\cygwin/http%3a%2f%2fpiotrkosoft.net%2fpub%2fmirrors%2fcygwin%2f/x86/release/sqlite3/libsqlite3_0/libsqlite3_0-3.8.7.2-1.tar.xz
2014/11/24 19:42:20 Extracting from file://C:\vbde\cygwin/http%3a%2f%2fpiotrkosoft.net%2fpub%2fmirrors%2fcygwin%2f/x86/release/libssh2/libssh2_1/libssh2_1-1.4.3-1.tar.xz
2014/11/24 19:42:20 Extracting from file://C:\vbde\cygwin/http%3a%2f%2fpiotrkosoft.net%2fpub%2fmirrors%2fcygwin%2f/x86/release/gcc/libssp0/libssp0-4.8.3-4.tar.xz
2014/11/24 19:42:20 Extracting from file://C:\vbde\cygwin/http%3a%2f%2fpiotrkosoft.net%2fpub%2fmirrors%2fcygwin%2f/x86/release/gcc/libstdc++6/libstdc++6-4.8.3-4.tar.xz
2014/11/24 19:42:20 Extracting from file://C:\vbde\cygwin/http%3a%2f%2fpiotrkosoft.net%2fpub%2fmirrors%2fcygwin%2f/x86/release/libtasn1/libtasn1_6/libtasn1_6-4.2-1.tar.xz
2014/11/24 19:42:20 Extracting from file://C:\vbde\cygwin/http%3a%2f%2fpiotrkosoft.net%2fpub%2fmirrors%2fcygwin%2f/x86/release/util-linux/libuuid-devel/libuuid-devel-2.25.1-1.tar.xz
2014/11/24 19:42:21 Extracting from file://C:\vbde\cygwin/http%3a%2f%2fpiotrkosoft.net%2fpub%2fmirrors%2fcygwin%2f/x86/release/util-linux/libuuid1/libuuid1-2.25.1-1.tar.xz
2014/11/24 19:42:21 Extracting from file://C:\vbde\cygwin/http%3a%2f%2fpiotrkosoft.net%2fpub%2fmirrors%2fcygwin%2f/x86/release/libxml2/libxml2-2.9.2-1.tar.xz
2014/11/24 19:42:21 Extracting from file://C:\vbde\cygwin/http%3a%2f%2fpiotrkosoft.net%2fpub%2fmirrors%2fcygwin%2f/x86/release/login/login-1.11-1.tar.xz
2014/11/24 19:42:22 Extracting from file://C:\vbde\cygwin/http%3a%2f%2fpiotrkosoft.net%2fpub%2fmirrors%2fcygwin%2f/x86/release/lynx/lynx-2.8.7-1.tar.bz2
2014/11/24 19:42:26 Extracting from file://C:\vbde\cygwin/http%3a%2f%2fpiotrkosoft.net%2fpub%2fmirrors%2fcygwin%2f/x86/release/make/make-4.0-2.tar.xz
2014/11/24 19:42:27 Extracting from file://C:\vbde\cygwin/http%3a%2f%2fpiotrkosoft.net%2fpub%2fmirrors%2fcygwin%2f/x86/release/man-db/man-db-2.6.7-2.tar.xz
2014/11/24 19:42:31 Extracting from file://C:\vbde\cygwin/http%3a%2f%2fpiotrkosoft.net%2fpub%2fmirrors%2fcygwin%2f/x86/release/mintty/mintty-1.1.3-1.tar.bz2
2014/11/24 19:42:31 Extracting from file://C:\vbde\cygwin/http%3a%2f%2fpiotrkosoft.net%2fpub%2fmirrors%2fcygwin%2f/x86/release/openssh/openssh-6.7p1-1.tar.xz
2014/11/24 19:42:32 Extracting from file://C:\vbde\cygwin/http%3a%2f%2fpiotrkosoft.net%2fpub%2fmirrors%2fcygwin%2f/x86/release/p11-kit/p11-kit-0.20.7-1.tar.xz
2014/11/24 19:42:32 Extracting from file://C:\vbde\cygwin/http%3a%2f%2fpiotrkosoft.net%2fpub%2fmirrors%2fcygwin%2f/x86/release/p11-kit/p11-kit-trust/p11-kit-trust-0.20.7-1.tar.xz
2014/11/24 19:42:33 Extracting from file://C:\vbde\cygwin/http%3a%2f%2fpiotrkosoft.net%2fpub%2fmirrors%2fcygwin%2f/x86/release/perl/perl-5.14.2-3.tar.bz2
2014/11/24 19:43:04 Extracting from file://C:\vbde\cygwin/http%3a%2f%2fpiotrkosoft.net%2fpub%2fmirrors%2fcygwin%2f/x86/release/perl-Error/perl-Error-0.17016-1.tar.bz2
2014/11/24 19:43:05 Extracting from file://C:\vbde\cygwin/http%3a%2f%2fpiotrkosoft.net%2fpub%2fmirrors%2fcygwin%2f/x86/release/perl/perl_vendor/perl_vendor-5.14.2-3.tar.bz2
2014/11/24 19:43:09 Extracting from file://C:\vbde\cygwin/http%3a%2f%2fpiotrkosoft.net%2fpub%2fmirrors%2fcygwin%2f/x86/release/popt/popt-1.16-1.tar.xz
2014/11/24 19:43:10 Extracting from file://C:\vbde\cygwin/http%3a%2f%2fpiotrkosoft.net%2fpub%2fmirrors%2fcygwin%2f/x86/release/python/python-2.7.8-1.tar.xz
2014/11/24 19:43:25 Extracting from file://C:\vbde\cygwin/http%3a%2f%2fpiotrkosoft.net%2fpub%2fmirrors%2fcygwin%2f/x86/release/rebase/rebase-4.4.1-1.tar.bz2
2014/11/24 19:43:25 Extracting from file://C:\vbde\cygwin/http%3a%2f%2fpiotrkosoft.net%2fpub%2fmirrors%2fcygwin%2f/x86/release/rsync/rsync-3.0.9-1.tar.bz2
2014/11/24 19:43:25 Extracting from file://C:\vbde\cygwin/http%3a%2f%2fpiotrkosoft.net%2fpub%2fmirrors%2fcygwin%2f/x86/release/run/run-1.3.3-1.tar.xz
2014/11/24 19:43:25 Extracting from file://C:\vbde\cygwin/http%3a%2f%2fpiotrkosoft.net%2fpub%2fmirrors%2fcygwin%2f/x86/release/sed/sed-4.2.2-3.tar.bz2
2014/11/24 19:43:25 Extracting from file://C:\vbde\cygwin/http%3a%2f%2fpiotrkosoft.net%2fpub%2fmirrors%2fcygwin%2f/x86/release/tar/tar-1.27.1-1.tar.xz
2014/11/24 19:43:26 Extracting from file://C:\vbde\cygwin/http%3a%2f%2fpiotrkosoft.net%2fpub%2fmirrors%2fcygwin%2f/x86/release/ncurses/terminfo/terminfo-5.9-20140524-1.tar.xz
2014/11/24 19:43:27 Extracting from file://C:\vbde\cygwin/http%3a%2f%2fpiotrkosoft.net%2fpub%2fmirrors%2fcygwin%2f/x86/release/tzcode/tzcode-2014i-1.tar.xz
2014/11/24 19:43:38 Extracting from file://C:\vbde\cygwin/http%3a%2f%2fpiotrkosoft.net%2fpub%2fmirrors%2fcygwin%2f/x86/release/util-linux/util-linux-2.25.1-1.tar.xz
2014/11/24 19:43:40 Extracting from file://C:\vbde\cygwin/http%3a%2f%2fpiotrkosoft.net%2fpub%2fmirrors%2fcygwin%2f/x86/release/vim/vim-minimal/vim-minimal-7.4.516-1.tar.xz
2014/11/24 19:43:40 Extracting from file://C:\vbde\cygwin/http%3a%2f%2fpiotrkosoft.net%2fpub%2fmirrors%2fcygwin%2f/x86/release/which/which-2.20-2.tar.bz2
2014/11/24 19:43:40 Extracting from file://C:\vbde\cygwin/http%3a%2f%2fpiotrkosoft.net%2fpub%2fmirrors%2fcygwin%2f/x86/release/xz/xz-5.0.5-1.tar.xz
2014/11/24 19:43:40 Extracting from file://C:\vbde\cygwin/http%3a%2f%2fpiotrkosoft.net%2fpub%2fmirrors%2fcygwin%2f/x86/release/zlib/zlib-devel/zlib-devel-1.2.8-3.tar.xz
2014/11/24 19:43:40 Extracting from file://C:\vbde\cygwin/http%3a%2f%2fpiotrkosoft.net%2fpub%2fmirrors%2fcygwin%2f/x86/release/zlib/zlib0/zlib0-1.2.8-3.tar.xz
2014/11/24 19:43:40 Changing gid back to original
2014/11/24 19:43:40 running: cmd.exe /c "C:\vbde\cygwin\etc\postinstall\autorebase.bat"
2014/11/24 19:43:42 running: C:\vbde\cygwin\bin\bash.exe --norc --noprofile "/etc/postinstall/000-cygwin-post-install.sh"
2014/11/24 19:43:43 running: C:\vbde\cygwin\bin\bash.exe --norc --noprofile "/etc/postinstall/update-info-dir.sh"
2014/11/24 19:43:45 running: C:\vbde\cygwin\bin\bash.exe --norc --noprofile "/etc/postinstall/coreutils.sh"
2014/11/24 19:43:46 running: C:\vbde\cygwin\bin\bash.exe --norc --noprofile "/etc/postinstall/bash.sh"
2014/11/24 19:43:46 running: C:\vbde\cygwin\bin\bash.exe --norc --noprofile "/etc/postinstall/base-files-mketc.sh"
2014/11/24 19:43:46 running: C:\vbde\cygwin\bin\bash.exe --norc --noprofile "/etc/postinstall/base-files-profile.sh"
2014/11/24 19:43:48 running: C:\vbde\cygwin\bin\bash.exe --norc --noprofile "/etc/postinstall/ca-certificates.sh"
2014/11/24 19:43:52 running: C:\vbde\cygwin\bin\bash.exe --norc --noprofile "/etc/postinstall/libxml2.sh"
2014/11/24 19:43:52 running: C:\vbde\cygwin\bin\bash.exe --norc --noprofile "/etc/postinstall/openssh.sh"
2014/11/24 19:43:52 running: C:\vbde\cygwin\bin\bash.exe --norc --noprofile "/etc/postinstall/lynx.sh"
2014/11/24 19:43:52 running: C:\vbde\cygwin\bin\bash.exe --norc --noprofile "/etc/postinstall/man-db.sh"
2014/11/24 19:43:52 Changing gid to Administrators
2014/11/24 19:45:15 note: Installation Complete
2014/11/24 19:45:15 Ending cygwin install
2014/11/26 10:43:10 Starting cygwin install, version 2.852
2014/11/26 10:43:10 User has backup/restore rights
2014/11/26 10:43:10 Current Directory: C:\vbde\cygwin
2014/11/26 10:43:10 Could not open service McShield for query, start and stop. McAfee may not be installed, or we don't have access.
2014/11/26 10:43:35 source: network install
2014/11/26 10:43:37 root: C:\vbde\cygwin system
2014/11/26 10:43:37 Selected local directory: C:\vbde\cygwin
2014/11/26 10:43:38 net: Direct
2014/11/26 10:43:40 site: http://piotrkosoft.net/pub/mirrors/cygwin/
2014/11/26 10:44:04 Ending cygwin install
