[2016-02-05 21:08] [PACMAN] Running 'pacman -Syu --root /tmp/newmsys/msys32'
[2016-02-05 21:08] [PACMAN] synchronizing package lists
[2016-02-05 21:08] [PACMAN] starting full system upgrade
[2016-02-05 21:08] [PACMAN] Running 'pacman -S --noconfirm --root /tmp/newmsys/msys32 base'
[2016-02-05 21:09] [ALPM] transaction started
[2016-02-05 21:09] [ALPM] installed msys2-runtime (2.4.1.16860.40c26fc-1)
[2016-02-05 21:09] [ALPM] installed bash (4.3.042-4)
[2016-02-05 21:09] [ALPM] installed bash-completion (2.1-6)
[2016-02-05 21:09] [ALPM] installed gcc-libs (4.9.2-6)
[2016-02-05 21:09] [ALPM] installed libbz2 (1.0.6-2)
[2016-02-05 21:09] [ALPM] installed libiconv (1.14-2)
[2016-02-05 21:09] [ALPM] installed libintl (0.19.6-1)
[2016-02-05 21:09] [ALPM] installed libgettextpo (0.19.6-1)
[2016-02-05 21:09] [ALPM] installed libasprintf (0.19.6-1)
[2016-02-05 21:09] [ALPM] installed gettext (0.19.6-1)
[2016-02-05 21:09] [ALPM] installed liblzma (5.2.1-1)
[2016-02-05 21:09] [ALPM] installed liblzo2 (2.09-1)
[2016-02-05 21:09] [ALPM] installed gmp (6.1.0-1)
[2016-02-05 21:09] [ALPM] installed libnettle (3.1.1-1)
[2016-02-05 21:09] [ALPM] installed coreutils (8.24-1)
[2016-02-05 21:09] [ALPM] installed ncurses (6.0.20151121-1)
[2016-02-05 21:09] [ALPM] installed libreadline (6.3.008-7)
[2016-02-05 21:09] [ALPM] installed zlib (1.2.8-3)
[2016-02-05 21:09] [ALPM] installed libxml2 (2.9.2-2)
[2016-02-05 21:09] [ALPM] installed bsdcpio (3.1.2-5)
[2016-02-05 21:09] [ALPM] installed bsdtar (3.1.2-5)
[2016-02-05 21:09] [ALPM] installed bzip2 (1.0.6-2)
[2016-02-05 21:09] [ALPM] installed libcatgets (1.1-2)
[2016-02-05 21:09] [ALPM] installed catgets (1.1-2)
[2016-02-05 21:09] [ALPM] installed libcrypt (1.1-6)
[2016-02-05 21:09] [ALPM] installed crypt (1.1-6)
[2016-02-05 21:09] [ALPM] installed libopenssl (1.0.2.d-1)
[2016-02-05 21:09] [ALPM] installed openssl (1.0.2.d-1)
[2016-02-05 21:09] [ALPM] installed findutils (4.6.0-1)
[2016-02-05 21:09] [ALPM] installed sed (4.2.2-2)
[2016-02-05 21:09] [ALPM] installed libffi (3.2.1-1)
[2016-02-05 21:09] [ALPM] installed libpcre (8.38-1)
[2016-02-05 21:09] [ALPM] installed less (481-1)
[2016-02-05 21:09] [ALPM] installed gzip (1.6-1)
[2016-02-05 21:09] [ALPM] installed info (6.0-1)
[2016-02-05 21:09] [ALPM] installed libtasn1 (4.7-1)
[2016-02-05 21:09] [ALPM] installed libp11-kit (0.23.2-1)
[2016-02-05 21:09] [ALPM] installed p11-kit (0.23.2-1)
[2016-02-05 21:09] [ALPM] installed ca-certificates (20150426-1)
[2016-02-05 21:09] [ALPM] installed libdb (5.3.28-2)
[2016-02-05 21:09] [ALPM] installed libedit (3.1-20150325)
[2016-02-05 21:10] [ALPM] installed icu (56.1-1)
[2016-02-05 21:10] [ALPM] installed libsqlite (3.10.0.0-1)
[2016-02-05 21:10] [ALPM] installed heimdal-libs (1.5.3-8)
[2016-02-05 21:10] [ALPM] installed libidn (1.32-1)
[2016-02-05 21:10] [ALPM] installed libexpat (2.1.0-2)
[2016-02-05 21:10] [ALPM] installed libmetalink (0.1.2-2)
[2016-02-05 21:10] [ALPM] installed libssh2 (1.6.0-1)
[2016-02-05 21:10] [ALPM] installed libcurl (7.46.0-2)
[2016-02-05 21:10] [ALPM] installed curl (7.46.0-2)
[2016-02-05 21:10] [ALPM] installed filesystem (2015.04-3)
[2016-02-05 21:10] [ALPM] installed grep (2.22-1)
[2016-02-05 21:10] [ALPM] installed dash (0.5.8-1)
[2016-02-05 21:10] [ALPM] installed file (5.24-1)
[2016-02-05 21:10] [ALPM] installed m4 (1.4.17-4)
[2016-02-05 21:10] [ALPM] installed flex (2.6.0-1)
[2016-02-05 21:10] [ALPM] installed mpfr (3.1.3.p0-1)
[2016-02-05 21:10] [ALPM] installed gawk (4.1.3-1)
[2016-02-05 21:10] [ALPM] installed tftp-hpa (5.2-1)
[2016-02-05 21:10] [ALPM] installed inetutils (1.9.2-1)
[2016-02-05 21:10] [ALPM] installed lndir (1.0.3-1)
[2016-02-05 21:10] [ALPM] installed mintty (1~2.2.2-1)
[2016-02-05 21:10] [ALPM] installed msys2-keyring (r9.397a52e-1)
[2016-02-05 21:10] [ALPM] installed msys2-launcher-git (0.3.19.f91905f-1)
[2016-02-05 21:10] [ALPM] installed gnupg (1.4.19-1)
[2016-02-05 21:10] [ALPM] installed pacman-mirrors (20160112-1)
[2016-02-05 21:10] [ALPM] installed which (2.21-2)
[2016-02-05 21:10] [ALPM] installed xz (5.2.1-1)
[2016-02-05 21:10] [ALPM] installed pacman (5.0.0.6348.cc5a8f1-1)
[2016-02-05 21:10] [ALPM] installed pax-git (20140703.2.1.g469552a-1)
[2016-02-05 21:10] [ALPM] installed libarchive (3.1.2-5)
[2016-02-05 21:10] [ALPM] installed libpcre16 (8.38-1)
[2016-02-05 21:10] [ALPM] installed libpcre32 (8.38-1)
[2016-02-05 21:10] [ALPM] installed libpcrecpp (8.38-1)
[2016-02-05 21:10] [ALPM] installed libpcreposix (8.38-1)
[2016-02-05 21:10] [ALPM] installed pcre (8.38-1)
[2016-02-05 21:10] [ALPM] installed pkgfile (15-1)
[2016-02-05 21:10] [ALPM-SCRIPTLET] ==> Run 'pkgfile --update' to initialize the database
[2016-02-05 21:10] [ALPM] installed rebase (4.4.1-6)
[2016-02-05 21:10] [ALPM] installed repman-git (r23.87bf865-1)
[2016-02-05 21:10] [ALPM] installed time (1.7-1)
[2016-02-05 21:10] [ALPM] installed tzcode (2015.e-1)
[2016-02-05 21:10] [ALPM] installed libutil-linux (2.26.2-1)
[2016-02-05 21:10] [ALPM] installed util-linux (2.26.2-1)
[2016-02-05 21:10] [ALPM] transaction completed
[2016-07-30 08:58] [PACMAN] Running 'pacman -S'
[2016-07-30 08:58] [PACMAN] Running 'pacman -S'
[2016-07-30 08:59] [PACMAN] Running 'pacman -S msys/make'
[2016-07-30 09:00] [ALPM] transaction started
[2016-07-30 09:00] [ALPM] installed make (4.1-4)
[2016-07-30 09:00] [ALPM] transaction completed
